2024-07-19 23:31:17,811 [Worker-2: Loading available Gradle versions] INFO  o.e.b.c.i.u.g.PublishedGradleVersions - Gradle version information cache is out-of-date. Trying to update.
2024-07-19 23:32:34,079 [ModalContext] INFO  o.e.m.c.i.e.AbstractTransferListenerAdapter - Downloading https://repo.maven.apache.org/maven2/com/a9ski/quick-start/1.0.0/quick-start-1.0.0.pom
2024-07-19 23:32:34,116 [ModalContext] INFO  o.e.m.c.i.e.AbstractTransferListenerAdapter - Downloaded https://repo.maven.apache.org/maven2/com/a9ski/quick-start/1.0.0/quick-start-1.0.0.pom
2024-07-19 23:32:34,180 [ModalContext] INFO  o.e.m.c.i.e.AbstractTransferListenerAdapter - Downloading https://repo.maven.apache.org/maven2/com/a9ski/quick-start/1.0.0/quick-start-1.0.0.jar
2024-07-19 23:32:34,424 [ModalContext] INFO  o.e.m.c.i.e.AbstractTransferListenerAdapter - Downloaded https://repo.maven.apache.org/maven2/com/a9ski/quick-start/1.0.0/quick-start-1.0.0.jar
2024-07-19 23:32:54,268 [Worker-2: Launching mavenrun-1f84368d-ed94-4750-bd11-dad63dffdb1d] INFO  o.eclipse.m2e.core.internal.Bundles - getClasspathEntries(Bundle=org.eclipse.m2e.maven.runtime_3.9.600.20231203-1234 [933])
2024-07-19 23:32:54,271 [Worker-2: Launching mavenrun-1f84368d-ed94-4750-bd11-dad63dffdb1d] INFO  o.eclipse.m2e.core.internal.Bundles - 	Entry: C:\Users\das_k\.p2\pool\plugins\org.eclipse.m2e.maven.runtime_3.9.600.20231203-1234
2024-07-19 23:32:54,272 [Worker-2: Launching mavenrun-1f84368d-ed94-4750-bd11-dad63dffdb1d] INFO  o.eclipse.m2e.core.internal.Bundles - 	Entry: C:\Users\das_k\.p2\pool\plugins\org.eclipse.m2e.maven.runtime_3.9.600.20231203-1234\jars\aopalliance-1.0.jar
2024-07-19 23:32:54,272 [Worker-2: Launching mavenrun-1f84368d-ed94-4750-bd11-dad63dffdb1d] INFO  o.eclipse.m2e.core.internal.Bundles - 	Entry: C:\Users\das_k\.p2\pool\plugins\org.eclipse.m2e.maven.runtime_3.9.600.20231203-1234\jars\guice-5.1.0.jar
2024-07-19 23:32:54,272 [Worker-2: Launching mavenrun-1f84368d-ed94-4750-bd11-dad63dffdb1d] INFO  o.eclipse.m2e.core.internal.Bundles - 	Entry: C:\Users\das_k\.p2\pool\plugins\org.eclipse.m2e.maven.runtime_3.9.600.20231203-1234\jars\httpclient-4.5.14.jar
2024-07-19 23:32:54,273 [Worker-2: Launching mavenrun-1f84368d-ed94-4750-bd11-dad63dffdb1d] INFO  o.eclipse.m2e.core.internal.Bundles - 	Entry: C:\Users\das_k\.p2\pool\plugins\org.eclipse.m2e.maven.runtime_3.9.600.20231203-1234\jars\httpcore-4.4.16.jar
2024-07-19 23:32:54,273 [Worker-2: Launching mavenrun-1f84368d-ed94-4750-bd11-dad63dffdb1d] INFO  o.eclipse.m2e.core.internal.Bundles - 	Entry: C:\Users\das_k\.p2\pool\plugins\org.eclipse.m2e.maven.runtime_3.9.600.20231203-1234\jars\jansi-2.4.0.jar
2024-07-19 23:32:54,273 [Worker-2: Launching mavenrun-1f84368d-ed94-4750-bd11-dad63dffdb1d] INFO  o.eclipse.m2e.core.internal.Bundles - 	Entry: C:\Users\das_k\.p2\pool\plugins\org.eclipse.m2e.maven.runtime_3.9.600.20231203-1234\jars\jcl-over-slf4j-1.7.36.jar
2024-07-19 23:32:54,273 [Worker-2: Launching mavenrun-1f84368d-ed94-4750-bd11-dad63dffdb1d] INFO  o.eclipse.m2e.core.internal.Bundles - 	Entry: C:\Users\das_k\.p2\pool\plugins\org.eclipse.m2e.maven.runtime_3.9.600.20231203-1234\jars\maven-artifact-3.9.6.jar
2024-07-19 23:32:54,274 [Worker-2: Launching mavenrun-1f84368d-ed94-4750-bd11-dad63dffdb1d] INFO  o.eclipse.m2e.core.internal.Bundles - 	Entry: C:\Users\das_k\.p2\pool\plugins\org.eclipse.m2e.maven.runtime_3.9.600.20231203-1234\jars\maven-builder-support-3.9.6.jar
2024-07-19 23:32:54,274 [Worker-2: Launching mavenrun-1f84368d-ed94-4750-bd11-dad63dffdb1d] INFO  o.eclipse.m2e.core.internal.Bundles - 	Entry: C:\Users\das_k\.p2\pool\plugins\org.eclipse.m2e.maven.runtime_3.9.600.20231203-1234\jars\maven-compat-3.9.6.jar
2024-07-19 23:32:54,274 [Worker-2: Launching mavenrun-1f84368d-ed94-4750-bd11-dad63dffdb1d] INFO  o.eclipse.m2e.core.internal.Bundles - 	Entry: C:\Users\das_k\.p2\pool\plugins\org.eclipse.m2e.maven.runtime_3.9.600.20231203-1234\jars\maven-core-3.9.6.jar
2024-07-19 23:32:54,274 [Worker-2: Launching mavenrun-1f84368d-ed94-4750-bd11-dad63dffdb1d] INFO  o.eclipse.m2e.core.internal.Bundles - 	Entry: C:\Users\das_k\.p2\pool\plugins\org.eclipse.m2e.maven.runtime_3.9.600.20231203-1234\jars\maven-embedder-3.9.6.jar
2024-07-19 23:32:54,275 [Worker-2: Launching mavenrun-1f84368d-ed94-4750-bd11-dad63dffdb1d] INFO  o.eclipse.m2e.core.internal.Bundles - 	Entry: C:\Users\das_k\.p2\pool\plugins\org.eclipse.m2e.maven.runtime_3.9.600.20231203-1234\jars\maven-model-3.9.6.jar
2024-07-19 23:32:54,275 [Worker-2: Launching mavenrun-1f84368d-ed94-4750-bd11-dad63dffdb1d] INFO  o.eclipse.m2e.core.internal.Bundles - 	Entry: C:\Users\das_k\.p2\pool\plugins\org.eclipse.m2e.maven.runtime_3.9.600.20231203-1234\jars\maven-model-builder-3.9.6.jar
2024-07-19 23:32:54,275 [Worker-2: Launching mavenrun-1f84368d-ed94-4750-bd11-dad63dffdb1d] INFO  o.eclipse.m2e.core.internal.Bundles - 	Entry: C:\Users\das_k\.p2\pool\plugins\org.eclipse.m2e.maven.runtime_3.9.600.20231203-1234\jars\maven-plugin-api-3.9.6.jar
2024-07-19 23:32:54,276 [Worker-2: Launching mavenrun-1f84368d-ed94-4750-bd11-dad63dffdb1d] INFO  o.eclipse.m2e.core.internal.Bundles - 	Entry: C:\Users\das_k\.p2\pool\plugins\org.eclipse.m2e.maven.runtime_3.9.600.20231203-1234\jars\maven-repository-metadata-3.9.6.jar
2024-07-19 23:32:54,276 [Worker-2: Launching mavenrun-1f84368d-ed94-4750-bd11-dad63dffdb1d] INFO  o.eclipse.m2e.core.internal.Bundles - 	Entry: C:\Users\das_k\.p2\pool\plugins\org.eclipse.m2e.maven.runtime_3.9.600.20231203-1234\jars\maven-resolver-api-1.9.18.jar
2024-07-19 23:32:54,276 [Worker-2: Launching mavenrun-1f84368d-ed94-4750-bd11-dad63dffdb1d] INFO  o.eclipse.m2e.core.internal.Bundles - 	Entry: C:\Users\das_k\.p2\pool\plugins\org.eclipse.m2e.maven.runtime_3.9.600.20231203-1234\jars\maven-resolver-connector-basic-1.9.18.jar
2024-07-19 23:32:54,276 [Worker-2: Launching mavenrun-1f84368d-ed94-4750-bd11-dad63dffdb1d] INFO  o.eclipse.m2e.core.internal.Bundles - 	Entry: C:\Users\das_k\.p2\pool\plugins\org.eclipse.m2e.maven.runtime_3.9.600.20231203-1234\jars\maven-resolver-impl-1.9.18.jar
2024-07-19 23:32:54,277 [Worker-2: Launching mavenrun-1f84368d-ed94-4750-bd11-dad63dffdb1d] INFO  o.eclipse.m2e.core.internal.Bundles - 	Entry: C:\Users\das_k\.p2\pool\plugins\org.eclipse.m2e.maven.runtime_3.9.600.20231203-1234\jars\maven-resolver-named-locks-1.9.18.jar
2024-07-19 23:32:54,277 [Worker-2: Launching mavenrun-1f84368d-ed94-4750-bd11-dad63dffdb1d] INFO  o.eclipse.m2e.core.internal.Bundles - 	Entry: C:\Users\das_k\.p2\pool\plugins\org.eclipse.m2e.maven.runtime_3.9.600.20231203-1234\jars\maven-resolver-provider-3.9.6.jar
2024-07-19 23:32:54,277 [Worker-2: Launching mavenrun-1f84368d-ed94-4750-bd11-dad63dffdb1d] INFO  o.eclipse.m2e.core.internal.Bundles - 	Entry: C:\Users\das_k\.p2\pool\plugins\org.eclipse.m2e.maven.runtime_3.9.600.20231203-1234\jars\maven-resolver-spi-1.9.18.jar
2024-07-19 23:32:54,277 [Worker-2: Launching mavenrun-1f84368d-ed94-4750-bd11-dad63dffdb1d] INFO  o.eclipse.m2e.core.internal.Bundles - 	Entry: C:\Users\das_k\.p2\pool\plugins\org.eclipse.m2e.maven.runtime_3.9.600.20231203-1234\jars\maven-resolver-transport-file-1.9.18.jar
2024-07-19 23:32:54,277 [Worker-2: Launching mavenrun-1f84368d-ed94-4750-bd11-dad63dffdb1d] INFO  o.eclipse.m2e.core.internal.Bundles - 	Entry: C:\Users\das_k\.p2\pool\plugins\org.eclipse.m2e.maven.runtime_3.9.600.20231203-1234\jars\maven-resolver-transport-http-1.9.18.jar
2024-07-19 23:32:54,277 [Worker-2: Launching mavenrun-1f84368d-ed94-4750-bd11-dad63dffdb1d] INFO  o.eclipse.m2e.core.internal.Bundles - 	Entry: C:\Users\das_k\.p2\pool\plugins\org.eclipse.m2e.maven.runtime_3.9.600.20231203-1234\jars\maven-resolver-transport-wagon-1.9.18.jar
2024-07-19 23:32:54,277 [Worker-2: Launching mavenrun-1f84368d-ed94-4750-bd11-dad63dffdb1d] INFO  o.eclipse.m2e.core.internal.Bundles - 	Entry: C:\Users\das_k\.p2\pool\plugins\org.eclipse.m2e.maven.runtime_3.9.600.20231203-1234\jars\maven-resolver-util-1.9.18.jar
2024-07-19 23:32:54,279 [Worker-2: Launching mavenrun-1f84368d-ed94-4750-bd11-dad63dffdb1d] INFO  o.eclipse.m2e.core.internal.Bundles - 	Entry: C:\Users\das_k\.p2\pool\plugins\org.eclipse.m2e.maven.runtime_3.9.600.20231203-1234\jars\maven-settings-3.9.6.jar
2024-07-19 23:32:54,279 [Worker-2: Launching mavenrun-1f84368d-ed94-4750-bd11-dad63dffdb1d] INFO  o.eclipse.m2e.core.internal.Bundles - 	Entry: C:\Users\das_k\.p2\pool\plugins\org.eclipse.m2e.maven.runtime_3.9.600.20231203-1234\jars\maven-settings-builder-3.9.6.jar
2024-07-19 23:32:54,279 [Worker-2: Launching mavenrun-1f84368d-ed94-4750-bd11-dad63dffdb1d] INFO  o.eclipse.m2e.core.internal.Bundles - 	Entry: C:\Users\das_k\.p2\pool\plugins\org.eclipse.m2e.maven.runtime_3.9.600.20231203-1234\jars\maven-shared-utils-3.3.4.jar
2024-07-19 23:32:54,280 [Worker-2: Launching mavenrun-1f84368d-ed94-4750-bd11-dad63dffdb1d] INFO  o.eclipse.m2e.core.internal.Bundles - 	Entry: C:\Users\das_k\.p2\pool\plugins\org.eclipse.m2e.maven.runtime_3.9.600.20231203-1234\jars\org.eclipse.sisu.inject-0.9.0.M2.jar
2024-07-19 23:32:54,280 [Worker-2: Launching mavenrun-1f84368d-ed94-4750-bd11-dad63dffdb1d] INFO  o.eclipse.m2e.core.internal.Bundles - 	Entry: C:\Users\das_k\.p2\pool\plugins\org.eclipse.m2e.maven.runtime_3.9.600.20231203-1234\jars\org.eclipse.sisu.plexus-0.9.0.M2.jar
2024-07-19 23:32:54,280 [Worker-2: Launching mavenrun-1f84368d-ed94-4750-bd11-dad63dffdb1d] INFO  o.eclipse.m2e.core.internal.Bundles - 	Entry: C:\Users\das_k\.p2\pool\plugins\org.eclipse.m2e.maven.runtime_3.9.600.20231203-1234\jars\plexus-build-api-0.0.7.jar
2024-07-19 23:32:54,280 [Worker-2: Launching mavenrun-1f84368d-ed94-4750-bd11-dad63dffdb1d] INFO  o.eclipse.m2e.core.internal.Bundles - 	Entry: C:\Users\das_k\.p2\pool\plugins\org.eclipse.m2e.maven.runtime_3.9.600.20231203-1234\jars\plexus-cipher-2.0.jar
2024-07-19 23:32:54,280 [Worker-2: Launching mavenrun-1f84368d-ed94-4750-bd11-dad63dffdb1d] INFO  o.eclipse.m2e.core.internal.Bundles - 	Entry: C:\Users\das_k\.p2\pool\plugins\org.eclipse.m2e.maven.runtime_3.9.600.20231203-1234\jars\plexus-classworlds-2.7.0.jar
2024-07-19 23:32:54,280 [Worker-2: Launching mavenrun-1f84368d-ed94-4750-bd11-dad63dffdb1d] INFO  o.eclipse.m2e.core.internal.Bundles - 	Entry: C:\Users\das_k\.p2\pool\plugins\org.eclipse.m2e.maven.runtime_3.9.600.20231203-1234\jars\plexus-component-annotations-2.1.0.jar
2024-07-19 23:32:54,281 [Worker-2: Launching mavenrun-1f84368d-ed94-4750-bd11-dad63dffdb1d] INFO  o.eclipse.m2e.core.internal.Bundles - 	Entry: C:\Users\das_k\.p2\pool\plugins\org.eclipse.m2e.maven.runtime_3.9.600.20231203-1234\jars\plexus-interpolation-1.26.jar
2024-07-19 23:32:54,281 [Worker-2: Launching mavenrun-1f84368d-ed94-4750-bd11-dad63dffdb1d] INFO  o.eclipse.m2e.core.internal.Bundles - 	Entry: C:\Users\das_k\.p2\pool\plugins\org.eclipse.m2e.maven.runtime_3.9.600.20231203-1234\jars\plexus-sec-dispatcher-2.0.jar
2024-07-19 23:32:54,281 [Worker-2: Launching mavenrun-1f84368d-ed94-4750-bd11-dad63dffdb1d] INFO  o.eclipse.m2e.core.internal.Bundles - 	Entry: C:\Users\das_k\.p2\pool\plugins\org.eclipse.m2e.maven.runtime_3.9.600.20231203-1234\jars\plexus-utils-3.5.1.jar
2024-07-19 23:32:54,282 [Worker-2: Launching mavenrun-1f84368d-ed94-4750-bd11-dad63dffdb1d] INFO  o.eclipse.m2e.core.internal.Bundles - 	Entry: C:\Users\das_k\.p2\pool\plugins\org.eclipse.m2e.maven.runtime_3.9.600.20231203-1234\jars\wagon-file-3.5.3.jar
2024-07-19 23:32:54,282 [Worker-2: Launching mavenrun-1f84368d-ed94-4750-bd11-dad63dffdb1d] INFO  o.eclipse.m2e.core.internal.Bundles - 	Entry: C:\Users\das_k\.p2\pool\plugins\org.eclipse.m2e.maven.runtime_3.9.600.20231203-1234\jars\wagon-http-3.5.3.jar
2024-07-19 23:32:54,282 [Worker-2: Launching mavenrun-1f84368d-ed94-4750-bd11-dad63dffdb1d] INFO  o.eclipse.m2e.core.internal.Bundles - 	Entry: C:\Users\das_k\.p2\pool\plugins\org.eclipse.m2e.maven.runtime_3.9.600.20231203-1234\jars\wagon-http-shared-3.5.3.jar
2024-07-19 23:32:54,282 [Worker-2: Launching mavenrun-1f84368d-ed94-4750-bd11-dad63dffdb1d] INFO  o.eclipse.m2e.core.internal.Bundles - 	Entry: C:\Users\das_k\.p2\pool\plugins\org.eclipse.m2e.maven.runtime_3.9.600.20231203-1234\jars\wagon-provider-api-3.5.3.jar
2024-07-19 23:32:54,284 [Worker-2: Launching mavenrun-1f84368d-ed94-4750-bd11-dad63dffdb1d] INFO  o.eclipse.m2e.core.internal.Bundles - getClasspathEntries(Bundle=com.google.guava_32.1.3.jre [458])
2024-07-19 23:32:54,285 [Worker-2: Launching mavenrun-1f84368d-ed94-4750-bd11-dad63dffdb1d] INFO  o.eclipse.m2e.core.internal.Bundles - 	Entry: C:\Users\das_k\.p2\pool\plugins\com.google.guava_32.1.3.jre.jar
2024-07-19 23:32:54,285 [Worker-2: Launching mavenrun-1f84368d-ed94-4750-bd11-dad63dffdb1d] INFO  o.eclipse.m2e.core.internal.Bundles - getClasspathEntries(Bundle=slf4j.api_2.0.12 [939])
2024-07-19 23:32:54,286 [Worker-2: Launching mavenrun-1f84368d-ed94-4750-bd11-dad63dffdb1d] INFO  o.eclipse.m2e.core.internal.Bundles - 	Entry: C:\Users\das_k\.p2\pool\plugins\slf4j.api_2.0.12.jar
2024-07-19 23:32:54,286 [Worker-2: Launching mavenrun-1f84368d-ed94-4750-bd11-dad63dffdb1d] INFO  o.eclipse.m2e.core.internal.Bundles - getClasspathEntries(Bundle=javax.inject_1.0.0.v20091030 [25])
2024-07-19 23:32:54,287 [Worker-2: Launching mavenrun-1f84368d-ed94-4750-bd11-dad63dffdb1d] INFO  o.eclipse.m2e.core.internal.Bundles - 	Entry: C:\Users\das_k\.p2\pool\plugins\javax.inject_1.0.0.v20091030.jar
2024-07-19 23:32:54,287 [Worker-2: Launching mavenrun-1f84368d-ed94-4750-bd11-dad63dffdb1d] INFO  o.eclipse.m2e.core.internal.Bundles - getClasspathEntries(Bundle=javax.annotation_1.3.5.v20200909-1856 [23])
2024-07-19 23:32:54,287 [Worker-2: Launching mavenrun-1f84368d-ed94-4750-bd11-dad63dffdb1d] INFO  o.eclipse.m2e.core.internal.Bundles - 	Entry: C:\Users\das_k\.p2\pool\plugins\javax.annotation_1.3.5.v20200909-1856.jar
2024-07-19 23:32:54,287 [Worker-2: Launching mavenrun-1f84368d-ed94-4750-bd11-dad63dffdb1d] INFO  o.eclipse.m2e.core.internal.Bundles - getClasspathEntries(Bundle=org.apache.commons.cli_1.6.0 [489])
2024-07-19 23:32:54,288 [Worker-2: Launching mavenrun-1f84368d-ed94-4750-bd11-dad63dffdb1d] INFO  o.eclipse.m2e.core.internal.Bundles - 	Entry: C:\Users\das_k\.p2\pool\plugins\org.apache.commons.cli_1.6.0.jar
2024-07-19 23:32:54,288 [Worker-2: Launching mavenrun-1f84368d-ed94-4750-bd11-dad63dffdb1d] INFO  o.eclipse.m2e.core.internal.Bundles - getClasspathEntries(Bundle=org.apache.commons.commons-codec_1.16.0 [490])
2024-07-19 23:32:54,288 [Worker-2: Launching mavenrun-1f84368d-ed94-4750-bd11-dad63dffdb1d] INFO  o.eclipse.m2e.core.internal.Bundles - 	Entry: C:\Users\das_k\.p2\pool\plugins\org.apache.commons.commons-codec_1.16.0.jar
2024-07-19 23:32:54,288 [Worker-2: Launching mavenrun-1f84368d-ed94-4750-bd11-dad63dffdb1d] INFO  o.eclipse.m2e.core.internal.Bundles - getClasspathEntries(Bundle=org.apache.commons.lang3_3.14.0 [909])
2024-07-19 23:32:54,289 [Worker-2: Launching mavenrun-1f84368d-ed94-4750-bd11-dad63dffdb1d] INFO  o.eclipse.m2e.core.internal.Bundles - 	Entry: C:\Users\das_k\.p2\pool\plugins\org.apache.commons.lang3_3.14.0.jar
2024-07-19 23:32:54,289 [Worker-2: Launching mavenrun-1f84368d-ed94-4750-bd11-dad63dffdb1d] INFO  o.eclipse.m2e.core.internal.Bundles - getClasspathEntries(Bundle=com.google.guava.failureaccess_1.0.2 [459])
2024-07-19 23:32:54,290 [Worker-2: Launching mavenrun-1f84368d-ed94-4750-bd11-dad63dffdb1d] INFO  o.eclipse.m2e.core.internal.Bundles - 	Entry: C:\Users\das_k\.p2\pool\plugins\com.google.guava.failureaccess_1.0.2.jar
2024-07-19 23:32:54,303 [Worker-2: Launching mavenrun-1f84368d-ed94-4750-bd11-dad63dffdb1d] INFO  o.e.m.i.launch.MavenLaunchDelegate - Run build in "C:\Users\das_k\AppData\Local\Temp\m2e-archetypeGenerator7490437878418986094":
2024-07-19 23:32:54,309 [Worker-2: Launching mavenrun-1f84368d-ed94-4750-bd11-dad63dffdb1d] INFO  o.e.m.i.launch.MavenLaunchDelegate -  mvn  -DarchetypeGroupId=com.a9ski -DarchetypeArtifactId=quick-start -DarchetypeVersion=1.0.0 -DgroupId=rest_assured -DartifactId=interview_prep -Dversion=0.0.1-SNAPSHOT -Dpackage=rest_assured.interview_prep -DoutputDirectory=C:\Users\das_k\OneDrive\GitHubRepo\learn_restAssured -Dstyle.color=always -U archetype:generate
2024-07-19 23:34:09,803 [Worker-19: Creating quick-start] INFO  o.e.m.c.i.p.ProjectConfigurationManager - Collecting project info '/pom.xml' C:\Users\das_k\OneDrive\GitHubRepo\learn_restAssured\interview_prep\pom.xml
2024-07-19 23:34:12,683 [Worker-19: Creating quick-start] INFO  o.e.m.c.i.l.LifecycleMappingFactory - Using org.eclipse.m2e.jdt.JarLifecycleMapping lifecycle mapping for MavenProject: rest_assured:interview_prep:0.0.1-SNAPSHOT @ C:\Users\das_k\OneDrive\GitHubRepo\learn_restAssured\interview_prep\pom.xml.
2024-07-19 23:34:12,810 [Worker-19: Creating quick-start] INFO  o.e.m.c.i.e.AbstractTransferListenerAdapter - Downloading https://repo.maven.apache.org/maven2/org/projectlombok/lombok/1.18.24/lombok-1.18.24.pom
2024-07-19 23:34:12,842 [Worker-19: Creating quick-start] INFO  o.e.m.c.i.e.AbstractTransferListenerAdapter - Downloaded https://repo.maven.apache.org/maven2/org/projectlombok/lombok/1.18.24/lombok-1.18.24.pom
2024-07-19 23:34:12,973 [Worker-19: Creating quick-start] INFO  o.e.m.c.i.e.AbstractTransferListenerAdapter - Downloading https://repo.maven.apache.org/maven2/org/apache/logging/log4j/log4j-core/2.17.1/log4j-core-2.17.1.pom
2024-07-19 23:34:13,015 [Worker-19: Creating quick-start] INFO  o.e.m.c.i.e.AbstractTransferListenerAdapter - Downloaded https://repo.maven.apache.org/maven2/org/apache/logging/log4j/log4j-core/2.17.1/log4j-core-2.17.1.pom
2024-07-19 23:34:13,264 [Worker-19: Creating quick-start] INFO  o.e.m.c.i.e.AbstractTransferListenerAdapter - Downloading https://repo.maven.apache.org/maven2/org/apache/commons/commons-text/1.9/commons-text-1.9.pom
2024-07-19 23:34:13,298 [Worker-19: Creating quick-start] INFO  o.e.m.c.i.e.AbstractTransferListenerAdapter - Downloaded https://repo.maven.apache.org/maven2/org/apache/commons/commons-text/1.9/commons-text-1.9.pom
2024-07-19 23:34:13,425 [Worker-19: Creating quick-start] INFO  o.e.m.c.i.e.AbstractTransferListenerAdapter - Downloading https://repo.maven.apache.org/maven2/org/apache/commons/commons-csv/1.9.0/commons-csv-1.9.0.pom
2024-07-19 23:34:13,462 [Worker-19: Creating quick-start] INFO  o.e.m.c.i.e.AbstractTransferListenerAdapter - Downloaded https://repo.maven.apache.org/maven2/org/apache/commons/commons-csv/1.9.0/commons-csv-1.9.0.pom
2024-07-19 23:34:14,065 [Worker-19: Creating quick-start] INFO  o.e.m.c.i.e.AbstractTransferListenerAdapter - Downloading https://repo.maven.apache.org/maven2/com/google/code/gson/gson/2.9.0/gson-2.9.0.pom
2024-07-19 23:34:14,104 [Worker-19: Creating quick-start] INFO  o.e.m.c.i.e.AbstractTransferListenerAdapter - Downloaded https://repo.maven.apache.org/maven2/com/google/code/gson/gson/2.9.0/gson-2.9.0.pom
2024-07-19 23:34:14,143 [Worker-19: Creating quick-start] INFO  o.e.m.c.i.e.AbstractTransferListenerAdapter - Downloading https://repo.maven.apache.org/maven2/com/google/code/gson/gson-parent/2.9.0/gson-parent-2.9.0.pom
2024-07-19 23:34:14,174 [Worker-19: Creating quick-start] INFO  o.e.m.c.i.e.AbstractTransferListenerAdapter - Downloaded https://repo.maven.apache.org/maven2/com/google/code/gson/gson-parent/2.9.0/gson-parent-2.9.0.pom
2024-07-19 23:34:14,209 [Worker-19: Creating quick-start] INFO  o.e.m.c.i.e.AbstractTransferListenerAdapter - Downloading https://repo.maven.apache.org/maven2/io/github/resilience4j/resilience4j-all/1.7.1/resilience4j-all-1.7.1.pom
2024-07-19 23:34:14,239 [Worker-19: Creating quick-start] INFO  o.e.m.c.i.e.AbstractTransferListenerAdapter - Downloaded https://repo.maven.apache.org/maven2/io/github/resilience4j/resilience4j-all/1.7.1/resilience4j-all-1.7.1.pom
2024-07-19 23:34:14,276 [Worker-19: Creating quick-start] INFO  o.e.m.c.i.e.AbstractTransferListenerAdapter - Downloading https://repo.maven.apache.org/maven2/io/vavr/vavr/0.10.2/vavr-0.10.2.pom
2024-07-19 23:34:14,311 [Worker-19: Creating quick-start] INFO  o.e.m.c.i.e.AbstractTransferListenerAdapter - Downloaded https://repo.maven.apache.org/maven2/io/vavr/vavr/0.10.2/vavr-0.10.2.pom
2024-07-19 23:34:14,348 [Worker-19: Creating quick-start] INFO  o.e.m.c.i.e.AbstractTransferListenerAdapter - Downloading https://repo.maven.apache.org/maven2/io/vavr/vavr-parent/0.10.2/vavr-parent-0.10.2.pom
2024-07-19 23:34:14,466 [Worker-19: Creating quick-start] INFO  o.e.m.c.i.e.AbstractTransferListenerAdapter - Downloaded https://repo.maven.apache.org/maven2/io/vavr/vavr-parent/0.10.2/vavr-parent-0.10.2.pom
2024-07-19 23:34:14,535 [Worker-19: Creating quick-start] INFO  o.e.m.c.i.e.AbstractTransferListenerAdapter - Downloading https://repo.maven.apache.org/maven2/io/vavr/vavr-match/0.10.2/vavr-match-0.10.2.pom
2024-07-19 23:34:14,567 [Worker-19: Creating quick-start] INFO  o.e.m.c.i.e.AbstractTransferListenerAdapter - Downloaded https://repo.maven.apache.org/maven2/io/vavr/vavr-match/0.10.2/vavr-match-0.10.2.pom
2024-07-19 23:34:14,660 [Worker-19: Creating quick-start] INFO  o.e.m.c.i.e.AbstractTransferListenerAdapter - Downloading https://repo.maven.apache.org/maven2/io/github/resilience4j/resilience4j-ratelimiter/1.7.1/resilience4j-ratelimiter-1.7.1.pom
2024-07-19 23:34:14,690 [Worker-19: Creating quick-start] INFO  o.e.m.c.i.e.AbstractTransferListenerAdapter - Downloaded https://repo.maven.apache.org/maven2/io/github/resilience4j/resilience4j-ratelimiter/1.7.1/resilience4j-ratelimiter-1.7.1.pom
2024-07-19 23:34:14,726 [Worker-19: Creating quick-start] INFO  o.e.m.c.i.e.AbstractTransferListenerAdapter - Downloading https://repo.maven.apache.org/maven2/io/github/resilience4j/resilience4j-core/1.7.1/resilience4j-core-1.7.1.pom
2024-07-19 23:34:14,754 [Worker-19: Creating quick-start] INFO  o.e.m.c.i.e.AbstractTransferListenerAdapter - Downloaded https://repo.maven.apache.org/maven2/io/github/resilience4j/resilience4j-core/1.7.1/resilience4j-core-1.7.1.pom
2024-07-19 23:34:14,787 [Worker-19: Creating quick-start] INFO  o.e.m.c.i.e.AbstractTransferListenerAdapter - Downloading https://repo.maven.apache.org/maven2/io/github/resilience4j/resilience4j-circuitbreaker/1.7.1/resilience4j-circuitbreaker-1.7.1.pom
2024-07-19 23:34:14,815 [Worker-19: Creating quick-start] INFO  o.e.m.c.i.e.AbstractTransferListenerAdapter - Downloaded https://repo.maven.apache.org/maven2/io/github/resilience4j/resilience4j-circuitbreaker/1.7.1/resilience4j-circuitbreaker-1.7.1.pom
2024-07-19 23:34:14,852 [Worker-19: Creating quick-start] INFO  o.e.m.c.i.e.AbstractTransferListenerAdapter - Downloading https://repo.maven.apache.org/maven2/io/github/resilience4j/resilience4j-bulkhead/1.7.1/resilience4j-bulkhead-1.7.1.pom
2024-07-19 23:34:14,880 [Worker-19: Creating quick-start] INFO  o.e.m.c.i.e.AbstractTransferListenerAdapter - Downloaded https://repo.maven.apache.org/maven2/io/github/resilience4j/resilience4j-bulkhead/1.7.1/resilience4j-bulkhead-1.7.1.pom
2024-07-19 23:34:14,913 [Worker-19: Creating quick-start] INFO  o.e.m.c.i.e.AbstractTransferListenerAdapter - Downloading https://repo.maven.apache.org/maven2/io/github/resilience4j/resilience4j-retry/1.7.1/resilience4j-retry-1.7.1.pom
2024-07-19 23:34:14,943 [Worker-19: Creating quick-start] INFO  o.e.m.c.i.e.AbstractTransferListenerAdapter - Downloaded https://repo.maven.apache.org/maven2/io/github/resilience4j/resilience4j-retry/1.7.1/resilience4j-retry-1.7.1.pom
2024-07-19 23:34:14,978 [Worker-19: Creating quick-start] INFO  o.e.m.c.i.e.AbstractTransferListenerAdapter - Downloading https://repo.maven.apache.org/maven2/io/github/resilience4j/resilience4j-cache/1.7.1/resilience4j-cache-1.7.1.pom
2024-07-19 23:34:15,003 [Worker-19: Creating quick-start] INFO  o.e.m.c.i.e.AbstractTransferListenerAdapter - Downloaded https://repo.maven.apache.org/maven2/io/github/resilience4j/resilience4j-cache/1.7.1/resilience4j-cache-1.7.1.pom
2024-07-19 23:34:15,043 [Worker-19: Creating quick-start] INFO  o.e.m.c.i.e.AbstractTransferListenerAdapter - Downloading https://repo.maven.apache.org/maven2/javax/cache/cache-api/1.1.0/cache-api-1.1.0.pom
2024-07-19 23:34:15,067 [Worker-19: Creating quick-start] INFO  o.e.m.c.i.e.AbstractTransferListenerAdapter - Downloaded https://repo.maven.apache.org/maven2/javax/cache/cache-api/1.1.0/cache-api-1.1.0.pom
2024-07-19 23:34:15,107 [Worker-19: Creating quick-start] INFO  o.e.m.c.i.e.AbstractTransferListenerAdapter - Downloading https://repo.maven.apache.org/maven2/io/github/resilience4j/resilience4j-timelimiter/1.7.1/resilience4j-timelimiter-1.7.1.pom
2024-07-19 23:34:15,140 [Worker-19: Creating quick-start] INFO  o.e.m.c.i.e.AbstractTransferListenerAdapter - Downloaded https://repo.maven.apache.org/maven2/io/github/resilience4j/resilience4j-timelimiter/1.7.1/resilience4j-timelimiter-1.7.1.pom
2024-07-19 23:34:15,215 [Worker-19: Creating quick-start] INFO  o.e.m.c.i.e.AbstractTransferListenerAdapter - Downloading https://repo.maven.apache.org/maven2/org/junit/jupiter/junit-jupiter-api/5.8.2/junit-jupiter-api-5.8.2.pom
2024-07-19 23:34:15,250 [Worker-19: Creating quick-start] INFO  o.e.m.c.i.e.AbstractTransferListenerAdapter - Downloaded https://repo.maven.apache.org/maven2/org/junit/jupiter/junit-jupiter-api/5.8.2/junit-jupiter-api-5.8.2.pom
2024-07-19 23:34:15,340 [Worker-19: Creating quick-start] INFO  o.e.m.c.i.e.AbstractTransferListenerAdapter - Downloading https://repo.maven.apache.org/maven2/org/junit/platform/junit-platform-commons/1.8.2/junit-platform-commons-1.8.2.pom
2024-07-19 23:34:15,377 [Worker-19: Creating quick-start] INFO  o.e.m.c.i.e.AbstractTransferListenerAdapter - Downloaded https://repo.maven.apache.org/maven2/org/junit/platform/junit-platform-commons/1.8.2/junit-platform-commons-1.8.2.pom
2024-07-19 23:34:15,440 [Worker-19: Creating quick-start] INFO  o.e.m.c.i.e.AbstractTransferListenerAdapter - Downloading https://repo.maven.apache.org/maven2/org/junit/jupiter/junit-jupiter-engine/5.8.2/junit-jupiter-engine-5.8.2.pom
2024-07-19 23:34:15,470 [Worker-19: Creating quick-start] INFO  o.e.m.c.i.e.AbstractTransferListenerAdapter - Downloaded https://repo.maven.apache.org/maven2/org/junit/jupiter/junit-jupiter-engine/5.8.2/junit-jupiter-engine-5.8.2.pom
2024-07-19 23:34:15,503 [Worker-19: Creating quick-start] INFO  o.e.m.c.i.e.AbstractTransferListenerAdapter - Downloading https://repo.maven.apache.org/maven2/org/junit/platform/junit-platform-engine/1.8.2/junit-platform-engine-1.8.2.pom
2024-07-19 23:34:15,534 [Worker-19: Creating quick-start] INFO  o.e.m.c.i.e.AbstractTransferListenerAdapter - Downloaded https://repo.maven.apache.org/maven2/org/junit/platform/junit-platform-engine/1.8.2/junit-platform-engine-1.8.2.pom
2024-07-19 23:34:15,568 [Worker-19: Creating quick-start] INFO  o.e.m.c.i.e.AbstractTransferListenerAdapter - Downloading https://repo.maven.apache.org/maven2/org/mockito/mockito-core/4.4.0/mockito-core-4.4.0.pom
2024-07-19 23:34:15,598 [Worker-19: Creating quick-start] INFO  o.e.m.c.i.e.AbstractTransferListenerAdapter - Downloaded https://repo.maven.apache.org/maven2/org/mockito/mockito-core/4.4.0/mockito-core-4.4.0.pom
2024-07-19 23:34:15,644 [Worker-19: Creating quick-start] INFO  o.e.m.c.i.e.AbstractTransferListenerAdapter - Downloading https://repo.maven.apache.org/maven2/net/bytebuddy/byte-buddy/1.12.8/byte-buddy-1.12.8.pom
2024-07-19 23:34:15,671 [Worker-19: Creating quick-start] INFO  o.e.m.c.i.e.AbstractTransferListenerAdapter - Downloaded https://repo.maven.apache.org/maven2/net/bytebuddy/byte-buddy/1.12.8/byte-buddy-1.12.8.pom
2024-07-19 23:34:15,708 [Worker-19: Creating quick-start] INFO  o.e.m.c.i.e.AbstractTransferListenerAdapter - Downloading https://repo.maven.apache.org/maven2/net/bytebuddy/byte-buddy-parent/1.12.8/byte-buddy-parent-1.12.8.pom
2024-07-19 23:34:15,745 [Worker-19: Creating quick-start] INFO  o.e.m.c.i.e.AbstractTransferListenerAdapter - Downloaded https://repo.maven.apache.org/maven2/net/bytebuddy/byte-buddy-parent/1.12.8/byte-buddy-parent-1.12.8.pom
2024-07-19 23:34:15,792 [Worker-19: Creating quick-start] INFO  o.e.m.c.i.e.AbstractTransferListenerAdapter - Downloading https://repo.maven.apache.org/maven2/net/bytebuddy/byte-buddy-agent/1.12.8/byte-buddy-agent-1.12.8.pom
2024-07-19 23:34:15,839 [Worker-19: Creating quick-start] INFO  o.e.m.c.i.e.AbstractTransferListenerAdapter - Downloaded https://repo.maven.apache.org/maven2/net/bytebuddy/byte-buddy-agent/1.12.8/byte-buddy-agent-1.12.8.pom
2024-07-19 23:34:15,891 [Worker-19: Creating quick-start] INFO  o.e.m.c.i.e.AbstractTransferListenerAdapter - Downloading https://repo.maven.apache.org/maven2/org/objenesis/objenesis/3.2/objenesis-3.2.pom
2024-07-19 23:34:15,928 [Worker-19: Creating quick-start] INFO  o.e.m.c.i.e.AbstractTransferListenerAdapter - Downloaded https://repo.maven.apache.org/maven2/org/objenesis/objenesis/3.2/objenesis-3.2.pom
2024-07-19 23:34:15,960 [Worker-19: Creating quick-start] INFO  o.e.m.c.i.e.AbstractTransferListenerAdapter - Downloading https://repo.maven.apache.org/maven2/org/objenesis/objenesis-parent/3.2/objenesis-parent-3.2.pom
2024-07-19 23:34:15,999 [Worker-19: Creating quick-start] INFO  o.e.m.c.i.e.AbstractTransferListenerAdapter - Downloaded https://repo.maven.apache.org/maven2/org/objenesis/objenesis-parent/3.2/objenesis-parent-3.2.pom
2024-07-19 23:34:16,132 [Worker-19: Creating quick-start] INFO  o.e.m.c.i.e.AbstractTransferListenerAdapter - Downloading https://repo.maven.apache.org/maven2/org/projectlombok/lombok/1.18.24/lombok-1.18.24.jar
2024-07-19 23:34:16,293 [Worker-19: Creating quick-start] INFO  o.e.m.c.i.e.AbstractTransferListenerAdapter - Downloaded https://repo.maven.apache.org/maven2/org/projectlombok/lombok/1.18.24/lombok-1.18.24.jar
2024-07-19 23:34:16,319 [BasicRepositoryConnector-repo.maven.apache.org-0-0] INFO  o.e.m.c.i.e.AbstractTransferListenerAdapter - Downloading https://repo.maven.apache.org/maven2/org/apache/logging/log4j/log4j-api/2.17.1/log4j-api-2.17.1.jar
2024-07-19 23:34:16,390 [BasicRepositoryConnector-repo.maven.apache.org-0-0] INFO  o.e.m.c.i.e.AbstractTransferListenerAdapter - Downloaded https://repo.maven.apache.org/maven2/org/apache/logging/log4j/log4j-api/2.17.1/log4j-api-2.17.1.jar
2024-07-19 23:34:16,400 [BasicRepositoryConnector-repo.maven.apache.org-0-4] INFO  o.e.m.c.i.e.AbstractTransferListenerAdapter - Downloading https://repo.maven.apache.org/maven2/org/slf4j/slf4j-api/1.7.25/slf4j-api-1.7.25.jar
2024-07-19 23:34:16,400 [BasicRepositoryConnector-repo.maven.apache.org-0-2] INFO  o.e.m.c.i.e.AbstractTransferListenerAdapter - Downloading https://repo.maven.apache.org/maven2/org/apache/commons/commons-text/1.9/commons-text-1.9.jar
2024-07-19 23:34:16,400 [BasicRepositoryConnector-repo.maven.apache.org-0-3] INFO  o.e.m.c.i.e.AbstractTransferListenerAdapter - Downloading https://repo.maven.apache.org/maven2/org/apache/commons/commons-csv/1.9.0/commons-csv-1.9.0.jar
2024-07-19 23:34:16,406 [BasicRepositoryConnector-repo.maven.apache.org-0-1] INFO  o.e.m.c.i.e.AbstractTransferListenerAdapter - Downloading https://repo.maven.apache.org/maven2/org/apache/logging/log4j/log4j-core/2.17.1/log4j-core-2.17.1.jar
2024-07-19 23:34:16,414 [BasicRepositoryConnector-repo.maven.apache.org-0-0] INFO  o.e.m.c.i.e.AbstractTransferListenerAdapter - Downloading https://repo.maven.apache.org/maven2/com/google/code/gson/gson/2.9.0/gson-2.9.0.jar
2024-07-19 23:34:16,467 [BasicRepositoryConnector-repo.maven.apache.org-0-3] INFO  o.e.m.c.i.e.AbstractTransferListenerAdapter - Downloaded https://repo.maven.apache.org/maven2/org/apache/commons/commons-csv/1.9.0/commons-csv-1.9.0.jar
2024-07-19 23:34:16,485 [BasicRepositoryConnector-repo.maven.apache.org-0-0] INFO  o.e.m.c.i.e.AbstractTransferListenerAdapter - Downloaded https://repo.maven.apache.org/maven2/com/google/code/gson/gson/2.9.0/gson-2.9.0.jar
2024-07-19 23:34:16,488 [BasicRepositoryConnector-repo.maven.apache.org-0-3] INFO  o.e.m.c.i.e.AbstractTransferListenerAdapter - Downloading https://repo.maven.apache.org/maven2/io/github/resilience4j/resilience4j-all/1.7.1/resilience4j-all-1.7.1.jar
2024-07-19 23:34:16,505 [BasicRepositoryConnector-repo.maven.apache.org-0-0] INFO  o.e.m.c.i.e.AbstractTransferListenerAdapter - Downloading https://repo.maven.apache.org/maven2/io/vavr/vavr/0.10.2/vavr-0.10.2.jar
2024-07-19 23:34:16,510 [BasicRepositoryConnector-repo.maven.apache.org-0-2] INFO  o.e.m.c.i.e.AbstractTransferListenerAdapter - Downloaded https://repo.maven.apache.org/maven2/org/apache/commons/commons-text/1.9/commons-text-1.9.jar
2024-07-19 23:34:16,559 [BasicRepositoryConnector-repo.maven.apache.org-0-2] INFO  o.e.m.c.i.e.AbstractTransferListenerAdapter - Downloading https://repo.maven.apache.org/maven2/io/vavr/vavr-match/0.10.2/vavr-match-0.10.2.jar
2024-07-19 23:34:16,603 [BasicRepositoryConnector-repo.maven.apache.org-0-0] INFO  o.e.m.c.i.e.AbstractTransferListenerAdapter - Downloaded https://repo.maven.apache.org/maven2/io/vavr/vavr/0.10.2/vavr-0.10.2.jar
2024-07-19 23:34:16,624 [BasicRepositoryConnector-repo.maven.apache.org-0-0] INFO  o.e.m.c.i.e.AbstractTransferListenerAdapter - Downloading https://repo.maven.apache.org/maven2/io/github/resilience4j/resilience4j-ratelimiter/1.7.1/resilience4j-ratelimiter-1.7.1.jar
2024-07-19 23:34:16,640 [BasicRepositoryConnector-repo.maven.apache.org-0-1] INFO  o.e.m.c.i.e.AbstractTransferListenerAdapter - Downloaded https://repo.maven.apache.org/maven2/org/apache/logging/log4j/log4j-core/2.17.1/log4j-core-2.17.1.jar
2024-07-19 23:34:16,664 [BasicRepositoryConnector-repo.maven.apache.org-0-1] INFO  o.e.m.c.i.e.AbstractTransferListenerAdapter - Downloading https://repo.maven.apache.org/maven2/io/github/resilience4j/resilience4j-core/1.7.1/resilience4j-core-1.7.1.jar
2024-07-19 23:34:16,715 [BasicRepositoryConnector-repo.maven.apache.org-0-2] INFO  o.e.m.c.i.e.AbstractTransferListenerAdapter - Downloaded https://repo.maven.apache.org/maven2/io/vavr/vavr-match/0.10.2/vavr-match-0.10.2.jar
2024-07-19 23:34:16,730 [BasicRepositoryConnector-repo.maven.apache.org-0-1] INFO  o.e.m.c.i.e.AbstractTransferListenerAdapter - Downloaded https://repo.maven.apache.org/maven2/io/github/resilience4j/resilience4j-core/1.7.1/resilience4j-core-1.7.1.jar
2024-07-19 23:34:16,736 [BasicRepositoryConnector-repo.maven.apache.org-0-2] INFO  o.e.m.c.i.e.AbstractTransferListenerAdapter - Downloading https://repo.maven.apache.org/maven2/io/github/resilience4j/resilience4j-circuitbreaker/1.7.1/resilience4j-circuitbreaker-1.7.1.jar
2024-07-19 23:34:16,762 [BasicRepositoryConnector-repo.maven.apache.org-0-1] INFO  o.e.m.c.i.e.AbstractTransferListenerAdapter - Downloading https://repo.maven.apache.org/maven2/io/github/resilience4j/resilience4j-bulkhead/1.7.1/resilience4j-bulkhead-1.7.1.jar
2024-07-19 23:34:16,781 [BasicRepositoryConnector-repo.maven.apache.org-0-2] INFO  o.e.m.c.i.e.AbstractTransferListenerAdapter - Downloaded https://repo.maven.apache.org/maven2/io/github/resilience4j/resilience4j-circuitbreaker/1.7.1/resilience4j-circuitbreaker-1.7.1.jar
2024-07-19 23:34:16,823 [BasicRepositoryConnector-repo.maven.apache.org-0-2] INFO  o.e.m.c.i.e.AbstractTransferListenerAdapter - Downloading https://repo.maven.apache.org/maven2/io/github/resilience4j/resilience4j-retry/1.7.1/resilience4j-retry-1.7.1.jar
2024-07-19 23:34:16,862 [BasicRepositoryConnector-repo.maven.apache.org-0-1] INFO  o.e.m.c.i.e.AbstractTransferListenerAdapter - Downloaded https://repo.maven.apache.org/maven2/io/github/resilience4j/resilience4j-bulkhead/1.7.1/resilience4j-bulkhead-1.7.1.jar
2024-07-19 23:34:16,884 [BasicRepositoryConnector-repo.maven.apache.org-0-1] INFO  o.e.m.c.i.e.AbstractTransferListenerAdapter - Downloading https://repo.maven.apache.org/maven2/io/github/resilience4j/resilience4j-cache/1.7.1/resilience4j-cache-1.7.1.jar
2024-07-19 23:34:16,948 [BasicRepositoryConnector-repo.maven.apache.org-0-3] INFO  o.e.m.c.i.e.AbstractTransferListenerAdapter - Downloaded https://repo.maven.apache.org/maven2/io/github/resilience4j/resilience4j-all/1.7.1/resilience4j-all-1.7.1.jar
2024-07-19 23:34:16,971 [BasicRepositoryConnector-repo.maven.apache.org-0-3] INFO  o.e.m.c.i.e.AbstractTransferListenerAdapter - Downloading https://repo.maven.apache.org/maven2/javax/cache/cache-api/1.1.0/cache-api-1.1.0.jar
2024-07-19 23:34:17,050 [BasicRepositoryConnector-repo.maven.apache.org-0-3] INFO  o.e.m.c.i.e.AbstractTransferListenerAdapter - Downloaded https://repo.maven.apache.org/maven2/javax/cache/cache-api/1.1.0/cache-api-1.1.0.jar
2024-07-19 23:34:17,082 [BasicRepositoryConnector-repo.maven.apache.org-0-3] INFO  o.e.m.c.i.e.AbstractTransferListenerAdapter - Downloading https://repo.maven.apache.org/maven2/io/github/resilience4j/resilience4j-timelimiter/1.7.1/resilience4j-timelimiter-1.7.1.jar
2024-07-19 23:34:17,285 [BasicRepositoryConnector-repo.maven.apache.org-0-4] INFO  o.e.m.c.i.e.AbstractTransferListenerAdapter - Downloaded https://repo.maven.apache.org/maven2/org/slf4j/slf4j-api/1.7.25/slf4j-api-1.7.25.jar
2024-07-19 23:34:17,319 [BasicRepositoryConnector-repo.maven.apache.org-0-4] INFO  o.e.m.c.i.e.AbstractTransferListenerAdapter - Downloading https://repo.maven.apache.org/maven2/org/junit/jupiter/junit-jupiter-api/5.8.2/junit-jupiter-api-5.8.2.jar
2024-07-19 23:34:17,413 [BasicRepositoryConnector-repo.maven.apache.org-0-1] INFO  o.e.m.c.i.e.AbstractTransferListenerAdapter - Downloaded https://repo.maven.apache.org/maven2/io/github/resilience4j/resilience4j-cache/1.7.1/resilience4j-cache-1.7.1.jar
2024-07-19 23:34:17,441 [BasicRepositoryConnector-repo.maven.apache.org-0-1] INFO  o.e.m.c.i.e.AbstractTransferListenerAdapter - Downloading https://repo.maven.apache.org/maven2/org/junit/platform/junit-platform-commons/1.8.2/junit-platform-commons-1.8.2.jar
2024-07-19 23:34:17,442 [BasicRepositoryConnector-repo.maven.apache.org-0-0] INFO  o.e.m.c.i.e.AbstractTransferListenerAdapter - Downloaded https://repo.maven.apache.org/maven2/io/github/resilience4j/resilience4j-ratelimiter/1.7.1/resilience4j-ratelimiter-1.7.1.jar
2024-07-19 23:34:17,444 [BasicRepositoryConnector-repo.maven.apache.org-0-4] INFO  o.e.m.c.i.e.AbstractTransferListenerAdapter - Downloaded https://repo.maven.apache.org/maven2/org/junit/jupiter/junit-jupiter-api/5.8.2/junit-jupiter-api-5.8.2.jar
2024-07-19 23:34:17,469 [BasicRepositoryConnector-repo.maven.apache.org-0-4] INFO  o.e.m.c.i.e.AbstractTransferListenerAdapter - Downloading https://repo.maven.apache.org/maven2/org/junit/platform/junit-platform-engine/1.8.2/junit-platform-engine-1.8.2.jar
2024-07-19 23:34:17,469 [BasicRepositoryConnector-repo.maven.apache.org-0-0] INFO  o.e.m.c.i.e.AbstractTransferListenerAdapter - Downloading https://repo.maven.apache.org/maven2/org/junit/jupiter/junit-jupiter-engine/5.8.2/junit-jupiter-engine-5.8.2.jar
2024-07-19 23:34:17,530 [BasicRepositoryConnector-repo.maven.apache.org-0-1] INFO  o.e.m.c.i.e.AbstractTransferListenerAdapter - Downloaded https://repo.maven.apache.org/maven2/org/junit/platform/junit-platform-commons/1.8.2/junit-platform-commons-1.8.2.jar
2024-07-19 23:34:17,637 [BasicRepositoryConnector-repo.maven.apache.org-0-1] INFO  o.e.m.c.i.e.AbstractTransferListenerAdapter - Downloading https://repo.maven.apache.org/maven2/org/mockito/mockito-core/4.4.0/mockito-core-4.4.0.jar
2024-07-19 23:34:17,666 [BasicRepositoryConnector-repo.maven.apache.org-0-3] INFO  o.e.m.c.i.e.AbstractTransferListenerAdapter - Downloaded https://repo.maven.apache.org/maven2/io/github/resilience4j/resilience4j-timelimiter/1.7.1/resilience4j-timelimiter-1.7.1.jar
2024-07-19 23:34:17,680 [BasicRepositoryConnector-repo.maven.apache.org-0-4] INFO  o.e.m.c.i.e.AbstractTransferListenerAdapter - Downloaded https://repo.maven.apache.org/maven2/org/junit/platform/junit-platform-engine/1.8.2/junit-platform-engine-1.8.2.jar
2024-07-19 23:34:17,700 [BasicRepositoryConnector-repo.maven.apache.org-0-3] INFO  o.e.m.c.i.e.AbstractTransferListenerAdapter - Downloading https://repo.maven.apache.org/maven2/net/bytebuddy/byte-buddy/1.12.8/byte-buddy-1.12.8.jar
2024-07-19 23:34:17,726 [BasicRepositoryConnector-repo.maven.apache.org-0-4] INFO  o.e.m.c.i.e.AbstractTransferListenerAdapter - Downloading https://repo.maven.apache.org/maven2/net/bytebuddy/byte-buddy-agent/1.12.8/byte-buddy-agent-1.12.8.jar
2024-07-19 23:34:17,730 [BasicRepositoryConnector-repo.maven.apache.org-0-0] INFO  o.e.m.c.i.e.AbstractTransferListenerAdapter - Downloaded https://repo.maven.apache.org/maven2/org/junit/jupiter/junit-jupiter-engine/5.8.2/junit-jupiter-engine-5.8.2.jar
2024-07-19 23:34:17,750 [BasicRepositoryConnector-repo.maven.apache.org-0-2] INFO  o.e.m.c.i.e.AbstractTransferListenerAdapter - Downloaded https://repo.maven.apache.org/maven2/io/github/resilience4j/resilience4j-retry/1.7.1/resilience4j-retry-1.7.1.jar
2024-07-19 23:34:17,754 [BasicRepositoryConnector-repo.maven.apache.org-0-1] INFO  o.e.m.c.i.e.AbstractTransferListenerAdapter - Downloaded https://repo.maven.apache.org/maven2/org/mockito/mockito-core/4.4.0/mockito-core-4.4.0.jar
2024-07-19 23:34:18,075 [BasicRepositoryConnector-repo.maven.apache.org-0-0] INFO  o.e.m.c.i.e.AbstractTransferListenerAdapter - Downloading https://repo.maven.apache.org/maven2/org/objenesis/objenesis/3.2/objenesis-3.2.jar
2024-07-19 23:34:18,179 [BasicRepositoryConnector-repo.maven.apache.org-0-4] INFO  o.e.m.c.i.e.AbstractTransferListenerAdapter - Downloaded https://repo.maven.apache.org/maven2/net/bytebuddy/byte-buddy-agent/1.12.8/byte-buddy-agent-1.12.8.jar
2024-07-19 23:34:18,439 [BasicRepositoryConnector-repo.maven.apache.org-0-3] INFO  o.e.m.c.i.e.AbstractTransferListenerAdapter - Downloaded https://repo.maven.apache.org/maven2/net/bytebuddy/byte-buddy/1.12.8/byte-buddy-1.12.8.jar
2024-07-19 23:34:19,015 [BasicRepositoryConnector-repo.maven.apache.org-0-0] INFO  o.e.m.c.i.e.AbstractTransferListenerAdapter - Downloaded https://repo.maven.apache.org/maven2/org/objenesis/objenesis/3.2/objenesis-3.2.jar
2024-07-19 23:34:21,140 [Worker-19: Creating quick-start] INFO  o.e.m.j.i.AbstractJavaProjectConfigurator - Adding source folder /interview_prep/src/main/java
2024-07-19 23:34:21,144 [Worker-19: Creating quick-start] INFO  o.e.m.j.i.AbstractJavaProjectConfigurator - Adding resource folder /interview_prep/src/main/resources
2024-07-19 23:34:21,177 [Worker-19: Creating quick-start] INFO  o.e.m.j.i.AbstractJavaProjectConfigurator - Adding source folder /interview_prep/src/test/java
2024-07-19 23:34:21,179 [Worker-19: Creating quick-start] INFO  o.e.m.j.i.AbstractJavaProjectConfigurator - Adding resource folder /interview_prep/src/test/resources
2024-07-19 23:34:21,587 [Worker-15: Download sources and javadoc] INFO  o.e.m.c.i.e.AbstractTransferListenerAdapter - Downloading https://repo.maven.apache.org/maven2/org/projectlombok/lombok/1.18.24/lombok-1.18.24-sources.jar
2024-07-19 23:34:21,747 [Worker-15: Download sources and javadoc] INFO  o.e.m.c.i.e.AbstractTransferListenerAdapter - Downloaded https://repo.maven.apache.org/maven2/org/projectlombok/lombok/1.18.24/lombok-1.18.24-sources.jar
2024-07-19 23:34:21,755 [Worker-15: Download sources and javadoc] INFO  o.e.m.j.internal.DownloadSourcesJob - Downloaded sources for org.projectlombok:lombok:1.18.24
2024-07-19 23:34:21,854 [Worker-15: Download sources and javadoc] INFO  o.e.m.c.i.e.AbstractTransferListenerAdapter - Downloading https://repo.maven.apache.org/maven2/org/apache/logging/log4j/log4j-api/2.17.1/log4j-api-2.17.1-sources.jar
2024-07-19 23:34:21,952 [Worker-15: Download sources and javadoc] INFO  o.e.m.c.i.e.AbstractTransferListenerAdapter - Downloaded https://repo.maven.apache.org/maven2/org/apache/logging/log4j/log4j-api/2.17.1/log4j-api-2.17.1-sources.jar
2024-07-19 23:34:21,958 [Worker-15: Download sources and javadoc] INFO  o.e.m.j.internal.DownloadSourcesJob - Downloaded sources for org.apache.logging.log4j:log4j-api:2.17.1
2024-07-19 23:34:22,030 [Worker-15: Download sources and javadoc] INFO  o.e.m.c.i.e.AbstractTransferListenerAdapter - Downloading https://repo.maven.apache.org/maven2/org/apache/logging/log4j/log4j-core/2.17.1/log4j-core-2.17.1-sources.jar
2024-07-19 23:34:22,187 [Worker-15: Download sources and javadoc] INFO  o.e.m.c.i.e.AbstractTransferListenerAdapter - Downloaded https://repo.maven.apache.org/maven2/org/apache/logging/log4j/log4j-core/2.17.1/log4j-core-2.17.1-sources.jar
2024-07-19 23:34:22,194 [Worker-15: Download sources and javadoc] INFO  o.e.m.j.internal.DownloadSourcesJob - Downloaded sources for org.apache.logging.log4j:log4j-core:2.17.1
2024-07-19 23:34:22,295 [Worker-15: Download sources and javadoc] INFO  o.e.m.c.i.e.AbstractTransferListenerAdapter - Downloading https://repo.maven.apache.org/maven2/org/apache/commons/commons-text/1.9/commons-text-1.9-sources.jar
2024-07-19 23:34:22,418 [Worker-15: Download sources and javadoc] INFO  o.e.m.c.i.e.AbstractTransferListenerAdapter - Downloaded https://repo.maven.apache.org/maven2/org/apache/commons/commons-text/1.9/commons-text-1.9-sources.jar
2024-07-19 23:34:22,425 [Worker-15: Download sources and javadoc] INFO  o.e.m.j.internal.DownloadSourcesJob - Downloaded sources for org.apache.commons:commons-text:1.9
2024-07-19 23:34:22,508 [Worker-15: Download sources and javadoc] INFO  o.e.m.c.i.e.AbstractTransferListenerAdapter - Downloading https://repo.maven.apache.org/maven2/org/apache/commons/commons-csv/1.9.0/commons-csv-1.9.0-sources.jar
2024-07-19 23:34:22,621 [Worker-15: Download sources and javadoc] INFO  o.e.m.c.i.e.AbstractTransferListenerAdapter - Downloaded https://repo.maven.apache.org/maven2/org/apache/commons/commons-csv/1.9.0/commons-csv-1.9.0-sources.jar
2024-07-19 23:34:22,628 [Worker-15: Download sources and javadoc] INFO  o.e.m.j.internal.DownloadSourcesJob - Downloaded sources for org.apache.commons:commons-csv:1.9.0
2024-07-19 23:34:22,703 [Worker-15: Download sources and javadoc] INFO  o.e.m.c.i.e.AbstractTransferListenerAdapter - Downloading https://repo.maven.apache.org/maven2/org/slf4j/slf4j-api/1.7.25/slf4j-api-1.7.25-sources.jar
2024-07-19 23:34:22,963 [Worker-15: Download sources and javadoc] INFO  o.e.m.c.i.e.AbstractTransferListenerAdapter - Downloaded https://repo.maven.apache.org/maven2/org/slf4j/slf4j-api/1.7.25/slf4j-api-1.7.25-sources.jar
2024-07-19 23:34:22,970 [Worker-15: Download sources and javadoc] INFO  o.e.m.j.internal.DownloadSourcesJob - Downloaded sources for org.slf4j:slf4j-api:1.7.25
2024-07-19 23:34:23,100 [Worker-15: Download sources and javadoc] INFO  o.e.m.c.i.e.AbstractTransferListenerAdapter - Downloading https://repo.maven.apache.org/maven2/com/google/code/gson/gson/2.9.0/gson-2.9.0-sources.jar
2024-07-19 23:34:23,455 [Worker-15: Download sources and javadoc] INFO  o.e.m.c.i.e.AbstractTransferListenerAdapter - Downloaded https://repo.maven.apache.org/maven2/com/google/code/gson/gson/2.9.0/gson-2.9.0-sources.jar
2024-07-19 23:34:23,464 [Worker-15: Download sources and javadoc] INFO  o.e.m.j.internal.DownloadSourcesJob - Downloaded sources for com.google.code.gson:gson:2.9.0
2024-07-19 23:34:23,577 [Worker-15: Download sources and javadoc] INFO  o.e.m.c.i.e.AbstractTransferListenerAdapter - Downloading https://repo.maven.apache.org/maven2/io/github/resilience4j/resilience4j-all/1.7.1/resilience4j-all-1.7.1-sources.jar
2024-07-19 23:34:23,616 [Worker-19: Creating quick-start] INFO  o.e.m.c.i.p.ProjectConfigurationManager - Imported and configured 1 project(s) in 13 sec
2024-07-19 23:34:23,756 [Worker-15: Download sources and javadoc] INFO  o.e.m.c.i.e.AbstractTransferListenerAdapter - Downloaded https://repo.maven.apache.org/maven2/io/github/resilience4j/resilience4j-all/1.7.1/resilience4j-all-1.7.1-sources.jar
2024-07-19 23:34:23,764 [Worker-15: Download sources and javadoc] INFO  o.e.m.j.internal.DownloadSourcesJob - Downloaded sources for io.github.resilience4j:resilience4j-all:1.7.1
2024-07-19 23:34:23,865 [Worker-15: Download sources and javadoc] INFO  o.e.m.c.i.e.AbstractTransferListenerAdapter - Downloading https://repo.maven.apache.org/maven2/io/vavr/vavr/0.10.2/vavr-0.10.2-sources.jar
2024-07-19 23:34:23,973 [Worker-15: Download sources and javadoc] INFO  o.e.m.c.i.e.AbstractTransferListenerAdapter - Downloaded https://repo.maven.apache.org/maven2/io/vavr/vavr/0.10.2/vavr-0.10.2-sources.jar
2024-07-19 23:34:23,981 [Worker-15: Download sources and javadoc] INFO  o.e.m.j.internal.DownloadSourcesJob - Downloaded sources for io.vavr:vavr:0.10.2
2024-07-19 23:34:24,060 [Worker-15: Download sources and javadoc] INFO  o.e.m.c.i.e.AbstractTransferListenerAdapter - Downloading https://repo.maven.apache.org/maven2/io/vavr/vavr-match/0.10.2/vavr-match-0.10.2-sources.jar
2024-07-19 23:34:24,094 [Worker-19: Updating Maven Project] INFO  o.e.m.c.i.p.ProjectConfigurationManager - Update started
2024-07-19 23:34:24,308 [Worker-15: Download sources and javadoc] INFO  o.e.m.c.i.e.AbstractTransferListenerAdapter - Downloaded https://repo.maven.apache.org/maven2/io/vavr/vavr-match/0.10.2/vavr-match-0.10.2-sources.jar
2024-07-19 23:34:24,315 [Worker-15: Download sources and javadoc] INFO  o.e.m.j.internal.DownloadSourcesJob - Downloaded sources for io.vavr:vavr-match:0.10.2
2024-07-19 23:34:24,383 [Worker-15: Download sources and javadoc] INFO  o.e.m.c.i.e.AbstractTransferListenerAdapter - Downloading https://repo.maven.apache.org/maven2/io/github/resilience4j/resilience4j-ratelimiter/1.7.1/resilience4j-ratelimiter-1.7.1-sources.jar
2024-07-19 23:34:24,549 [Worker-19: Updating Maven Project] INFO  o.e.m.c.i.l.LifecycleMappingFactory - Using org.eclipse.m2e.jdt.JarLifecycleMapping lifecycle mapping for MavenProject: rest_assured:interview_prep:0.0.1-SNAPSHOT @ C:\Users\das_k\OneDrive\GitHubRepo\learn_restAssured\interview_prep\pom.xml.
2024-07-19 23:34:25,348 [Worker-15: Download sources and javadoc] INFO  o.e.m.c.i.e.AbstractTransferListenerAdapter - Downloaded https://repo.maven.apache.org/maven2/io/github/resilience4j/resilience4j-ratelimiter/1.7.1/resilience4j-ratelimiter-1.7.1-sources.jar
2024-07-19 23:34:25,356 [Worker-15: Download sources and javadoc] INFO  o.e.m.j.internal.DownloadSourcesJob - Downloaded sources for io.github.resilience4j:resilience4j-ratelimiter:1.7.1
2024-07-19 23:34:25,456 [Worker-15: Download sources and javadoc] INFO  o.e.m.c.i.e.AbstractTransferListenerAdapter - Downloading https://repo.maven.apache.org/maven2/io/github/resilience4j/resilience4j-core/1.7.1/resilience4j-core-1.7.1-sources.jar
2024-07-19 23:34:26,644 [Worker-15: Download sources and javadoc] INFO  o.e.m.c.i.e.AbstractTransferListenerAdapter - Downloaded https://repo.maven.apache.org/maven2/io/github/resilience4j/resilience4j-core/1.7.1/resilience4j-core-1.7.1-sources.jar
2024-07-19 23:34:26,650 [Worker-15: Download sources and javadoc] INFO  o.e.m.j.internal.DownloadSourcesJob - Downloaded sources for io.github.resilience4j:resilience4j-core:1.7.1
2024-07-19 23:34:26,719 [Worker-15: Download sources and javadoc] INFO  o.e.m.c.i.e.AbstractTransferListenerAdapter - Downloading https://repo.maven.apache.org/maven2/io/github/resilience4j/resilience4j-circuitbreaker/1.7.1/resilience4j-circuitbreaker-1.7.1-sources.jar
2024-07-19 23:34:27,390 [Worker-15: Download sources and javadoc] INFO  o.e.m.c.i.e.AbstractTransferListenerAdapter - Downloaded https://repo.maven.apache.org/maven2/io/github/resilience4j/resilience4j-circuitbreaker/1.7.1/resilience4j-circuitbreaker-1.7.1-sources.jar
2024-07-19 23:34:27,397 [Worker-15: Download sources and javadoc] INFO  o.e.m.j.internal.DownloadSourcesJob - Downloaded sources for io.github.resilience4j:resilience4j-circuitbreaker:1.7.1
2024-07-19 23:34:27,467 [Worker-15: Download sources and javadoc] INFO  o.e.m.c.i.e.AbstractTransferListenerAdapter - Downloading https://repo.maven.apache.org/maven2/io/github/resilience4j/resilience4j-bulkhead/1.7.1/resilience4j-bulkhead-1.7.1-sources.jar
2024-07-19 23:34:27,930 [Worker-15: Download sources and javadoc] INFO  o.e.m.c.i.e.AbstractTransferListenerAdapter - Downloaded https://repo.maven.apache.org/maven2/io/github/resilience4j/resilience4j-bulkhead/1.7.1/resilience4j-bulkhead-1.7.1-sources.jar
2024-07-19 23:34:27,936 [Worker-15: Download sources and javadoc] INFO  o.e.m.j.internal.DownloadSourcesJob - Downloaded sources for io.github.resilience4j:resilience4j-bulkhead:1.7.1
2024-07-19 23:34:28,003 [Worker-15: Download sources and javadoc] INFO  o.e.m.c.i.e.AbstractTransferListenerAdapter - Downloading https://repo.maven.apache.org/maven2/io/github/resilience4j/resilience4j-retry/1.7.1/resilience4j-retry-1.7.1-sources.jar
2024-07-19 23:34:28,498 [Worker-15: Download sources and javadoc] INFO  o.e.m.c.i.e.AbstractTransferListenerAdapter - Downloaded https://repo.maven.apache.org/maven2/io/github/resilience4j/resilience4j-retry/1.7.1/resilience4j-retry-1.7.1-sources.jar
2024-07-19 23:34:28,505 [Worker-15: Download sources and javadoc] INFO  o.e.m.j.internal.DownloadSourcesJob - Downloaded sources for io.github.resilience4j:resilience4j-retry:1.7.1
2024-07-19 23:34:28,578 [Worker-15: Download sources and javadoc] INFO  o.e.m.c.i.e.AbstractTransferListenerAdapter - Downloading https://repo.maven.apache.org/maven2/io/github/resilience4j/resilience4j-cache/1.7.1/resilience4j-cache-1.7.1-sources.jar
2024-07-19 23:34:28,846 [Worker-15: Download sources and javadoc] INFO  o.e.m.c.i.e.AbstractTransferListenerAdapter - Downloaded https://repo.maven.apache.org/maven2/io/github/resilience4j/resilience4j-cache/1.7.1/resilience4j-cache-1.7.1-sources.jar
2024-07-19 23:34:28,853 [Worker-15: Download sources and javadoc] INFO  o.e.m.j.internal.DownloadSourcesJob - Downloaded sources for io.github.resilience4j:resilience4j-cache:1.7.1
2024-07-19 23:34:28,920 [Worker-15: Download sources and javadoc] INFO  o.e.m.c.i.e.AbstractTransferListenerAdapter - Downloading https://repo.maven.apache.org/maven2/javax/cache/cache-api/1.1.0/cache-api-1.1.0-sources.jar
2024-07-19 23:34:28,978 [Worker-15: Download sources and javadoc] INFO  o.e.m.c.i.e.AbstractTransferListenerAdapter - Downloaded https://repo.maven.apache.org/maven2/javax/cache/cache-api/1.1.0/cache-api-1.1.0-sources.jar
2024-07-19 23:34:28,984 [Worker-15: Download sources and javadoc] INFO  o.e.m.j.internal.DownloadSourcesJob - Downloaded sources for javax.cache:cache-api:1.1.0
2024-07-19 23:34:29,056 [Worker-15: Download sources and javadoc] INFO  o.e.m.c.i.e.AbstractTransferListenerAdapter - Downloading https://repo.maven.apache.org/maven2/io/github/resilience4j/resilience4j-timelimiter/1.7.1/resilience4j-timelimiter-1.7.1-sources.jar
2024-07-19 23:34:29,385 [Worker-15: Download sources and javadoc] INFO  o.e.m.c.i.e.AbstractTransferListenerAdapter - Downloaded https://repo.maven.apache.org/maven2/io/github/resilience4j/resilience4j-timelimiter/1.7.1/resilience4j-timelimiter-1.7.1-sources.jar
2024-07-19 23:34:29,391 [Worker-15: Download sources and javadoc] INFO  o.e.m.j.internal.DownloadSourcesJob - Downloaded sources for io.github.resilience4j:resilience4j-timelimiter:1.7.1
2024-07-19 23:34:29,460 [Worker-15: Download sources and javadoc] INFO  o.e.m.c.i.e.AbstractTransferListenerAdapter - Downloading https://repo.maven.apache.org/maven2/org/junit/jupiter/junit-jupiter-api/5.8.2/junit-jupiter-api-5.8.2-sources.jar
2024-07-19 23:34:29,538 [Worker-15: Download sources and javadoc] INFO  o.e.m.c.i.e.AbstractTransferListenerAdapter - Downloaded https://repo.maven.apache.org/maven2/org/junit/jupiter/junit-jupiter-api/5.8.2/junit-jupiter-api-5.8.2-sources.jar
2024-07-19 23:34:29,544 [Worker-15: Download sources and javadoc] INFO  o.e.m.j.internal.DownloadSourcesJob - Downloaded sources for org.junit.jupiter:junit-jupiter-api:5.8.2
2024-07-19 23:34:29,617 [Worker-15: Download sources and javadoc] INFO  o.e.m.c.i.e.AbstractTransferListenerAdapter - Downloading https://repo.maven.apache.org/maven2/org/junit/platform/junit-platform-commons/1.8.2/junit-platform-commons-1.8.2-sources.jar
2024-07-19 23:34:29,666 [Worker-15: Download sources and javadoc] INFO  o.e.m.c.i.e.AbstractTransferListenerAdapter - Downloaded https://repo.maven.apache.org/maven2/org/junit/platform/junit-platform-commons/1.8.2/junit-platform-commons-1.8.2-sources.jar
2024-07-19 23:34:29,671 [Worker-15: Download sources and javadoc] INFO  o.e.m.j.internal.DownloadSourcesJob - Downloaded sources for org.junit.platform:junit-platform-commons:1.8.2
2024-07-19 23:34:29,734 [Worker-15: Download sources and javadoc] INFO  o.e.m.c.i.e.AbstractTransferListenerAdapter - Downloading https://repo.maven.apache.org/maven2/org/junit/jupiter/junit-jupiter-engine/5.8.2/junit-jupiter-engine-5.8.2-sources.jar
2024-07-19 23:34:29,790 [Worker-15: Download sources and javadoc] INFO  o.e.m.c.i.e.AbstractTransferListenerAdapter - Downloaded https://repo.maven.apache.org/maven2/org/junit/jupiter/junit-jupiter-engine/5.8.2/junit-jupiter-engine-5.8.2-sources.jar
2024-07-19 23:34:29,796 [Worker-15: Download sources and javadoc] INFO  o.e.m.j.internal.DownloadSourcesJob - Downloaded sources for org.junit.jupiter:junit-jupiter-engine:5.8.2
2024-07-19 23:34:29,864 [Worker-15: Download sources and javadoc] INFO  o.e.m.c.i.e.AbstractTransferListenerAdapter - Downloading https://repo.maven.apache.org/maven2/org/junit/platform/junit-platform-engine/1.8.2/junit-platform-engine-1.8.2-sources.jar
2024-07-19 23:34:29,934 [Worker-15: Download sources and javadoc] INFO  o.e.m.c.i.e.AbstractTransferListenerAdapter - Downloaded https://repo.maven.apache.org/maven2/org/junit/platform/junit-platform-engine/1.8.2/junit-platform-engine-1.8.2-sources.jar
2024-07-19 23:34:29,941 [Worker-15: Download sources and javadoc] INFO  o.e.m.j.internal.DownloadSourcesJob - Downloaded sources for org.junit.platform:junit-platform-engine:1.8.2
2024-07-19 23:34:30,009 [Worker-15: Download sources and javadoc] INFO  o.e.m.c.i.e.AbstractTransferListenerAdapter - Downloading https://repo.maven.apache.org/maven2/org/mockito/mockito-core/4.4.0/mockito-core-4.4.0-sources.jar
2024-07-19 23:34:30,111 [Worker-15: Download sources and javadoc] INFO  o.e.m.c.i.e.AbstractTransferListenerAdapter - Downloaded https://repo.maven.apache.org/maven2/org/mockito/mockito-core/4.4.0/mockito-core-4.4.0-sources.jar
2024-07-19 23:34:30,116 [Worker-15: Download sources and javadoc] INFO  o.e.m.j.internal.DownloadSourcesJob - Downloaded sources for org.mockito:mockito-core:4.4.0
2024-07-19 23:34:30,184 [Worker-15: Download sources and javadoc] INFO  o.e.m.c.i.e.AbstractTransferListenerAdapter - Downloading https://repo.maven.apache.org/maven2/net/bytebuddy/byte-buddy/1.12.8/byte-buddy-1.12.8-sources.jar
2024-07-19 23:34:30,337 [Worker-15: Download sources and javadoc] INFO  o.e.m.c.i.e.AbstractTransferListenerAdapter - Downloaded https://repo.maven.apache.org/maven2/net/bytebuddy/byte-buddy/1.12.8/byte-buddy-1.12.8-sources.jar
2024-07-19 23:34:30,343 [Worker-15: Download sources and javadoc] INFO  o.e.m.j.internal.DownloadSourcesJob - Downloaded sources for net.bytebuddy:byte-buddy:1.12.8
2024-07-19 23:34:30,419 [Worker-15: Download sources and javadoc] INFO  o.e.m.c.i.e.AbstractTransferListenerAdapter - Downloading https://repo.maven.apache.org/maven2/net/bytebuddy/byte-buddy-agent/1.12.8/byte-buddy-agent-1.12.8-sources.jar
2024-07-19 23:34:30,490 [Worker-15: Download sources and javadoc] INFO  o.e.m.c.i.e.AbstractTransferListenerAdapter - Downloaded https://repo.maven.apache.org/maven2/net/bytebuddy/byte-buddy-agent/1.12.8/byte-buddy-agent-1.12.8-sources.jar
2024-07-19 23:34:30,496 [Worker-15: Download sources and javadoc] INFO  o.e.m.j.internal.DownloadSourcesJob - Downloaded sources for net.bytebuddy:byte-buddy-agent:1.12.8
2024-07-19 23:34:30,569 [Worker-15: Download sources and javadoc] INFO  o.e.m.c.i.e.AbstractTransferListenerAdapter - Downloading https://repo.maven.apache.org/maven2/org/objenesis/objenesis/3.2/objenesis-3.2-sources.jar
2024-07-19 23:34:30,626 [Worker-15: Download sources and javadoc] INFO  o.e.m.c.i.e.AbstractTransferListenerAdapter - Downloaded https://repo.maven.apache.org/maven2/org/objenesis/objenesis/3.2/objenesis-3.2-sources.jar
2024-07-19 23:34:30,634 [Worker-15: Download sources and javadoc] INFO  o.e.m.j.internal.DownloadSourcesJob - Downloaded sources for org.objenesis:objenesis:3.2
2024-07-19 23:34:30,960 [Worker-19: Updating Maven Project] INFO  o.e.m.j.i.AbstractJavaProjectConfigurator - Adding source folder /interview_prep/src/main/java
2024-07-19 23:34:30,962 [Worker-19: Updating Maven Project] INFO  o.e.m.j.i.AbstractJavaProjectConfigurator - Adding resource folder /interview_prep/src/main/resources
2024-07-19 23:34:30,963 [Worker-19: Updating Maven Project] INFO  o.e.m.j.i.AbstractJavaProjectConfigurator - Adding source folder /interview_prep/src/test/java
2024-07-19 23:34:30,965 [Worker-19: Updating Maven Project] INFO  o.e.m.j.i.AbstractJavaProjectConfigurator - Adding resource folder /interview_prep/src/test/resources
2024-07-19 23:34:31,300 [Worker-19: Updating Maven Project] INFO  o.e.m.c.i.p.ProjectConfigurationManager - Update completed for 1 poms: local refresh takes 0.00 sec, refresh facades takes 6.00 sec, update config takes 0.00 sec 
2024-07-19 23:34:31,939 [Worker-2: Building] INFO  o.a.m.s.f.DefaultMavenResourcesFiltering - Copying 1 resource from src\main\resources to target\classes
2024-07-19 23:34:31,956 [Worker-2: Building] INFO  o.a.m.s.f.DefaultMavenResourcesFiltering - Copying 1 resource from src\test\resources to target\test-classes
2024-07-19 23:36:17,245 [Worker-24: Building] INFO  o.a.m.s.f.DefaultMavenResourcesFiltering - Copying 1 resource from src\main\resources to target\classes
2024-07-19 23:36:17,251 [Worker-24: Building] INFO  o.a.m.s.f.DefaultMavenResourcesFiltering - Copying 1 resource from src\test\resources to target\test-classes
2024-07-19 23:36:21,387 [Worker-24: Building] INFO  o.a.m.s.f.DefaultMavenResourcesFiltering - Copying 0 resource from src\main\resources to target\classes
2024-07-19 23:36:21,396 [Worker-24: Building] INFO  o.a.m.s.f.DefaultMavenResourcesFiltering - Copying 0 resource from src\test\resources to target\test-classes
2024-07-19 23:36:30,758 [Worker-24: Building] INFO  o.a.m.s.f.DefaultMavenResourcesFiltering - Copying 0 resource from src\main\resources to target\classes
2024-07-19 23:36:30,762 [Worker-24: Building] INFO  o.a.m.s.f.DefaultMavenResourcesFiltering - Copying 1 resource from src\test\resources to target\test-classes
2024-07-19 23:36:41,261 [Worker-27: Building] INFO  o.a.m.s.f.DefaultMavenResourcesFiltering - Copying 0 resource from src\main\resources to target\classes
2024-07-19 23:36:41,266 [Worker-27: Building] INFO  o.a.m.s.f.DefaultMavenResourcesFiltering - Copying 0 resource from src\test\resources to target\test-classes
2024-07-20 14:55:05,341 [Worker-36: Building] INFO  o.a.m.s.f.DefaultMavenResourcesFiltering - skip non existing resourceDirectory C:\Users\das_k\OneDrive\GitHubRepo\learn_restAssured\interview_prep\src\main\resources
2024-07-20 14:55:05,347 [Worker-36: Building] INFO  o.a.m.s.f.DefaultMavenResourcesFiltering - Copying 0 resource from src\test\resources to target\test-classes
2024-07-20 14:55:07,221 [Worker-30: Building] INFO  o.a.m.s.f.DefaultMavenResourcesFiltering - skip non existing resourceDirectory C:\Users\das_k\OneDrive\GitHubRepo\learn_restAssured\interview_prep\src\main\resources
2024-07-20 14:55:07,225 [Worker-30: Building] INFO  o.a.m.s.f.DefaultMavenResourcesFiltering - skip non existing resourceDirectory C:\Users\das_k\OneDrive\GitHubRepo\learn_restAssured\interview_prep\src\test\resources
2024-07-20 14:55:08,247 [Worker-34: Building] INFO  o.a.m.s.f.DefaultMavenResourcesFiltering - skip non existing resourceDirectory C:\Users\das_k\OneDrive\GitHubRepo\learn_restAssured\interview_prep\src\main\resources
2024-07-20 14:55:08,249 [Worker-34: Building] INFO  o.a.m.s.f.DefaultMavenResourcesFiltering - skip non existing resourceDirectory C:\Users\das_k\OneDrive\GitHubRepo\learn_restAssured\interview_prep\src\test\resources
2024-07-20 14:55:56,203 [Worker-30: Building] INFO  o.a.m.s.f.DefaultMavenResourcesFiltering - skip non existing resourceDirectory C:\Users\das_k\OneDrive\GitHubRepo\learn_restAssured\interview_prep\src\main\resources
2024-07-20 14:55:56,205 [Worker-30: Building] INFO  o.a.m.s.f.DefaultMavenResourcesFiltering - skip non existing resourceDirectory C:\Users\das_k\OneDrive\GitHubRepo\learn_restAssured\interview_prep\src\test\resources
2024-07-20 14:56:25,083 [Worker-30: Building] INFO  o.a.m.s.f.DefaultMavenResourcesFiltering - skip non existing resourceDirectory C:\Users\das_k\OneDrive\GitHubRepo\learn_restAssured\interview_prep\src\main\resources
2024-07-20 14:56:25,085 [Worker-30: Building] INFO  o.a.m.s.f.DefaultMavenResourcesFiltering - skip non existing resourceDirectory C:\Users\das_k\OneDrive\GitHubRepo\learn_restAssured\interview_prep\src\test\resources
2024-07-20 15:46:46,135 [Worker-0: Loading available Gradle versions] INFO  o.e.b.c.i.u.g.PublishedGradleVersions - Gradle version information cache is up-to-date. Trying to read.
2024-07-20 15:49:17,184 [Worker-24: Building] INFO  o.a.m.s.f.DefaultMavenResourcesFiltering - skip non existing resourceDirectory C:\Users\das_k\OneDrive\GitHubRepo\learn_restAssured\interview_prep\src\main\resources
2024-07-20 15:49:17,203 [Worker-24: Building] INFO  o.a.m.s.f.DefaultMavenResourcesFiltering - skip non existing resourceDirectory C:\Users\das_k\OneDrive\GitHubRepo\learn_restAssured\interview_prep\src\test\resources
